awesome-564fae893477e09b87b6bb525aab9bad44a4ba6d-f2afefcede9690ee431236f4130560586df334a0
CorsixTH-603599e518387068fa1df06dd744c8e0d2a75873-e430f5ff6f909436acd2e6bb902a76750cc5e932
CorsixTH-c25bd7dd0eea802a7acbf9e9f761c9298017d8ba-63923d532fa20eb07e598cabe643eae74c7f31a9
hawkthorne-journey-0b7f565dfbb0cac7a76f882c5443fe319792833a-a7844164e5dafc5276e3323d65c32d809cf3a2e0
hawkthorne-journey-209afe18443665f7937b5f4cbb129dcb96316bcc-b8838ba57af16ac1174fd36d6a9911e020744b28
hawkthorne-journey-226ecdd8e1b44dc4c79442bdd7cf2e5866f06597-819db55ad83d40657a48804cc89bad6403e87d92
hawkthorne-journey-226ecdd8e1b44dc4c79442bdd7cf2e5866f06597-f8ad63f9aeb78910a82ba29d7e09abc244c177df
hawkthorne-journey-236ed921ab06115a3f0f1898adfc3cb49ebae366-75254b359f278731abaae018c03dc4d06cf8eda2
hawkthorne-journey-2d2fe36c0147ef5058abe66abaf67a0fed636d22-85e9005f4a8da8b5120cebeaaceddfcfe735fa60
hawkthorne-journey-3d6c908fcce4dc4f60fe67a095921cfa3da225cf-746ea4424dde7913ebdf2e813a7cdca453e4858f
hawkthorne-journey-46c0c78e18dca555a3441f3b63d2ff081fbd1f81-035a2f499f0d091995b203765e429c5baf4c83e3
hawkthorne-journey-4d73388953960a691b53c4dbdcc2701c3ba58e23-97a082039368e6138fb21f847b430f5854cc3fb2
hawkthorne-journey-54d4387a95f508c618bc57d4f7d1d9c9ea15a3fb-b22de7ebc3f47c6bde8c638213dd4fb5e14b25b4
hawkthorne-journey-5d091b6834f3e9bab09895e31d3419c4281cc74f-c30245dd801b83bab1a3272330c43fce9ee51b3f
hawkthorne-journey-5ed84199e53a232405ae7d841f0f67ae1b819a52-2aa73ccd63ec7a0746d78065df35a2a958e00264
hawkthorne-journey-7724a7965d6357c3ec1020f72d60f7d1d74772b2-264a501617a8f0776a97dde6dbcf1a3d3ff6af39
hawkthorne-journey-89fe83cbf1aab90ddc2035d4b553241ab56d8d4f-bc961d84481ee5abb0f5dbf6a3e3fe37543e44a4
hawkthorne-journey-8abd015dfd504e883931432f5a9e82a8b241fa71-bb8c50ae1bec0c764656251a750463a669104dff
hawkthorne-journey-9074158c8a661fcd089155112bc49252a3e44214-132791b3d4428ed766902241f42e7b8edd3d8144
hawkthorne-journey-9074158c8a661fcd089155112bc49252a3e44214-29aa936198f59f958de78a411b8c6c55b814f2f2
hawkthorne-journey-9074158c8a661fcd089155112bc49252a3e44214-37356ccf9037cbe1fb40d9426978be542b4a38d7
hawkthorne-journey-9074158c8a661fcd089155112bc49252a3e44214-5eb50fbb391421fc3084ea838a2a8da2dca5e1b2
hawkthorne-journey-9074158c8a661fcd089155112bc49252a3e44214-62962e9584b24b6e54beb0b5ecbcdc6c1367ab4f
hawkthorne-journey-9074158c8a661fcd089155112bc49252a3e44214-6d111a74a193769ed029af347d97a6980afc75e7
hawkthorne-journey-9074158c8a661fcd089155112bc49252a3e44214-c1e9928ffd25a6b810dee721b1d51cdea3e02381
hawkthorne-journey-9074158c8a661fcd089155112bc49252a3e44214-cf22f1995265b46289329a5e39946e6c9c825fda
hawkthorne-journey-9074158c8a661fcd089155112bc49252a3e44214-d0afc85f63c8a4411fa2f3c1ae15bfcaef43c52f
hawkthorne-journey-9074158c8a661fcd089155112bc49252a3e44214-e0eb12519ff596848e8e22ec3622128982f7714c
hawkthorne-journey-9074158c8a661fcd089155112bc49252a3e44214-e4cb6935dce7ada85f8a58cd5999bc5d61786a53
hawkthorne-journey-a3214bf5be22d14dbe4656b57d3b2653b973f889-a6e7f525d6583d1297b3938fb3e0c9c54cbdfafb
hawkthorne-journey-a6e83f168e04cb5d05b6d1779d5a396ac1140ffa-60413b64adb894cf2db683410ac7940f7f473629
hawkthorne-journey-c19098b3e1ab63ebdcdf95003d25d353dba7d562-56234ee6c63b3dc7e4fcf773e5147f45397c02a7
hawkthorne-journey-ce781c402cbe75ec3d187c3f6f08f1b090914bb9-5d041b4093b18ad3935d41e385920bec69240fe2
hawkthorne-journey-d10c8c8a337311d0cf4e074544c99880d157d3f9-87f38d5ca67f4faa4e3b161e3ccdba74f306c340
hawkthorne-journey-d222b55024918be7d0391e087310bae8073628f6-d63ff74f1889f9957fda0e6c7baa811d43e653b4
hawkthorne-journey-e1a1f92739f1860f58ba98c11d7d5d94d477766e-db3e73212e822f990a6a4e56d063279d5c0aec4d
hawkthorne-journey-e90f6c63ed1adb7b3123efd199bf3bf19989c5d4-60413b64adb894cf2db683410ac7940f7f473629
hawkthorne-journey-e9539ce19519ce3b2af554a9a9e06a6804d08b83-393bee3176582e3ac875caa8ceffb4a76c48360f
kong-18bc349b65309d6b9defc40aa9a4631fae837d4e-f553e5f47d8963cde84bb7ff1f2380c2da914028
kong-58345780a23634edc32dec4ae5d28c7a7eee1dec-8059db905f196216e79719e1756283dead3b7cdf
kong-5a40776b8dac4d66238217b7be5ab1a929448391-8440d01c3780b3887a7012bd6b1977c95ee87d18
kong-5d283c6c130119ee618e94b978ba8d93314ca7c6-5edba642ac1f1946d082bcf84ee5177a1bdb8e89
kong-61444ecd9c9b5b366dca3f5e1df71927a4904c57-4b357e98375d403d5885ab3962d89ceb686bb407
kong-61444ecd9c9b5b366dca3f5e1df71927a4904c57-920d647ac32d45afff14e325db4e0938ce5f0d79
kong-61c7676625b258617621bfef345913ef2a5db64e-ce9d63a95aebe6e38093057fc18e0e8cab5928b3
kong-7595850eeac653596d07cedf9c465be5729c9dc1-959ae6273141a25547617444b1977839d3d3155f
kong-82f52d6570b8e39dcd23ffbcd9ef109680c778af-e605f013c55f6eda3cc88d24225bd836daaa29cd
kong-887abdf2f2efa85fd2c6a44703ea13fd557feba1-4f6c81a8d10b7cfb9c8bf7c7b0e9cb18918a1f75
kong-887abdf2f2efa85fd2c6a44703ea13fd557feba1-62d04243b0e75101095796aa12b423a3dbd1718c
kong-887abdf2f2efa85fd2c6a44703ea13fd557feba1-7e4c85759817ebb0c1dbc36cba4b1999169f170d
kong-a20daf0a458472b6f82800e93619e6fb0f81de48-4ff64180bd38285a01bc2aa90c2477aeb71497e9
kong-a5ede3d17cc1ebf7fec54f3859837a6bcbb3d980-298ef6fc6b4bd34ee616d32ebd894ca307ce0e31
kong-aa11e657f1331d67ee1465d4b8ca71c202ea6487-a87918af9833e24ae35d2de726d2ee86271aa36c
kong-ac9bb53ad9894992536c4c87c26af15c9cd29712-f3355526638a944f88c4c644a244d8f78203fc20
kong-acd60589c71ecd64a5c808d29d01f7c651318aea-18218ab4e38ab9fa30e19be413383c214bd26bf3
kong-cf20cad7e4a4052c56211d8db1ec98ce9492aa94-16b6d2de008ca8b466f052ada614b0cb1b75bce9
kong-cf20cad7e4a4052c56211d8db1ec98ce9492aa94-85f63687b3c06aa76bd42d6d4ac0dae3b7792604
koreader-02dd9b023f2a87ab90e49022c4372a17f54c55f7-6e3fc666739417ab3f67c95dca54b47d25d9201f
koreader-748a443cd559e2b2dd06ee0188809b6d5f65aa0e-34eebc387648fee40816e15b870ccd26c5eb0878
koreader-79839021ed954609e981d3ca743ae4738f87d693-22250b3d6fe8b6b7892d5fd8733e06e76c85d5cc
luakit-af1231334faf72d735e6dfda5f0e72870205700c-66d4828c01b7aad06644a7fcc6193f9cb62fda01
luakit-e5282f17aae78863aae966f77ef766b288f70087-988b38bcff7ed72aa24ce442e2bbd50484ea3d08
luarocks-27be765c4a846c0d4e970e154b29cbab1a833738-c4c52bd2b2e8a4d83014e6115d0cd990f9b0ae56
luarocks-2ced4474d635c11e687ad5b4b5357737503c0b38-1d0b0c320124cba6e41f8e6a01abcf0dcdf118f0
luarocks-5137884ef5ec78d1922a85691eefea48d6391c76-15fb9ca284bf1b52547d9503847cd3f50781a8e3
luarocks-5b8d37cdbdd93e0cbd4e78d564dd0018972b3a44-c5f157c4f173ee58f02d9a784fbc5a3c35bcff0a
luarocks-8498916df098bfcf17947537427cc1fffdeea2a5-df2eee3fbfbee86c30a674c1102ef579414f452e
luarocks-a7c10e670c2f682962e28984a43916f40b302b2b-c4c52bd2b2e8a4d83014e6115d0cd990f9b0ae56
luarocks-accce73cf90bde70baa3d8101b76ca56b0cb0720-827634015c6c5b1c395d43beb65d5bccb3d51034
luarocks-c5376c9bd5e9a0a87557494c9e737f80357fef82-48b4f23dc5f55b5d2ab67b4b012efd315722e311
luarocks-c5376c9bd5e9a0a87557494c9e737f80357fef82-87401a90d1e78b3d03f761a256dc17a5c9f6663f
luarocks-c5376c9bd5e9a0a87557494c9e737f80357fef82-d72fabaf1bd48dcc04483c8c866964d4129a3bbe
Penlight-e0a005f96d492310dc2b13adb27ee0776215e944-08d325d0b33508166e861ae94c02b72b9e75f963
Penlight-e0a005f96d492310dc2b13adb27ee0776215e944-66848212efa3f93565886b473c72db0c54a4ec8c
Penlight-e0a005f96d492310dc2b13adb27ee0776215e944-b8ee7bb1dd574a805d77e4b80196e6aa118eae22
rnn-7a5534048659c479a3c886f0e6cf56bb262e0b8f-22a1b6957a524cc5cc898344cb07bdb4a36e3897
rnn-8e1015ea321d20556bda6192c9f77adeccbe3e55-2a01809a1a37da2f4872083b18f9515cacbb23af
snabb-087095750fa3d1bfa1e2800c35e99a50cf564b86-23ba7b4c6afeb328691ae2b2a2dfe188a9d523c9
snabb-17f65a06fbd6b39ca6bc7abe36b8e38c1e3b56f2-23ba7b4c6afeb328691ae2b2a2dfe188a9d523c9
snabb-31d824355c683be7e75332c870ec62db850b4cfc-a36f23c2dbf0af5f7eb7e6aa44d01153d61e7589
snabb-32f74eec9c21ebc68357a4d7179b3d6aea1c2ba7-c8a967fd4753538ed1105933ca88f166da469fa3
snabb-39dad11b393b775c4602a3503f5522785d871734-0aba639f8e8a73de90e7422b7fb3c445f1dfd775
snabb-39dad11b393b775c4602a3503f5522785d871734-c2c5f29535117ea58c6c5fc19f85fb65a3dbe60e
snabb-5e51a6ac984d681a7778f1b2b7c5e55fac39305b-87b4291e5a0daf611de0884aca13a233c7081d1c
snabb-86c97e0ce6f755201c7628c8f795ef71bc3e5afa-453d533efaf0cc56121143c1ffd291628625547e
snabb-9806a4de822688ab021c32e84d0b1568a9c90e80-a35f654532878456c9723c5ab8785e51ea223fb5
snabb-a909bf08ec7f06f0d1bdc8964d5be73baf194098-a35f654532878456c9723c5ab8785e51ea223fb5
snabb-b3abaa0c6686edfd8a72f362770074ecfe99aab6-fe2711769e95c81a2e0780bab913d9b87989c2cf
snabb-c72fe1d7e861485cc12cc74d78cbf9ec6d4d42db-e8409acf39b0f3fd6c05df9ccd79e2d3132a505a
snabb-e55afadd917720531a038836fc0ba3883af52e95-112cdd54912f79f39a91920a74e7eec34c22f41c
snabb-e5b1a66ed8b73d6256cd5f06fa27ace5f2793931-9fb08ab78254c21a2db263a3b389a8dcf7d269b9
tarantool-35b8bcdad837ed42c9642921d29e579dad28b7db-e582ca72e8c0e245b1ca82a09beed2d375535145
tarantool-85effcee701bcdda1fe0a69493ec3a2e7c879d73-ccddac4f7c9b48ccb1ef041b2105e27bc1f5e0e0
tarantool-a53218cab1ddefb3349185c4aed6c280e0711818-db8317903ff4361cfdb3452e1d7ea6e107102fb7
tarantool-a8466712dea212e639272ba5ae8b27e9b6e8703c-209345f2f9620c1bbf5b85e371333811c1f24e3b
tarantool-a8466712dea212e639272ba5ae8b27e9b6e8703c-604dbc0fe66682fd2829c2cb37a709a62dac84ba
telegram-bot-0438abeee3ad7266d62fd487c0f09bf60d7b06b5-2396afa4425c96d8cd72cfbed7d6f7c09beb754a
